[galliform_red_600.pineapplebuilder.com/index.html]
[backblue.gif]
[fade.gif]
[index.html]
[galliform_red_600.pineapplebuilder.com/_next/static/css/3f260a7d676c9bc9.css]
[galliform_red_600.pineapplebuilder.com/_next/static/chunks/5767.9d0e60d34cf71741.js]
[galliform_red_600.pineapplebuilder.com/_next/static/chunks/1255.72207e2e2c037368.js]
[galliform_red_600.pineapplebuilder.com/_next/static/chunks/5226.65c4685583eb9cc1.js]
[galliform_red_600.pineapplebuilder.com/_next/static/chunks/520.09a07c4a9b52a869.js]
[galliform_red_600.pineapplebuilder.com/_next/static/chunks/polyfills-c67a75d1b6f99dc8.js]
[galliform_red_600.pineapplebuilder.com/_next/static/chunks/webpack-0cc4dc1e018ef254.js]
[galliform_red_600.pineapplebuilder.com/_next/static/chunks/pages/_app-a3ee9e90ed2b7938.js]
[galliform_red_600.pineapplebuilder.com/_next/static/chunks/2814-bda5cfaed3e6c5ce.js]
[galliform_red_600.pineapplebuilder.com/_next/static/chunks/main-4b848a9badc8bc0c.js]
[galliform_red_600.pineapplebuilder.com/_next/static/chunks/framework-617d2703bc9efd35.js]
[galliform_red_600.pineapplebuilder.com/_next/static/chunks/75fc9c18-7f0d377f161c6be8.js]
[galliform_red_600.pineapplebuilder.com/_next/static/chunks/4888-ce60a77c7ea57d21.js]
[galliform_red_600.pineapplebuilder.com/_next/static/chunks/fc83e031-9fce66f2b5607594.js]
[galliform_red_600.pineapplebuilder.com/_next/static/chunks/6000-30cdc76b72a681fa.js]
[galliform_red_600.pineapplebuilder.com/_next/static/chunks/2135-689ed2c37aa6f534.js]
[galliform_red_600.pineapplebuilder.com/_next/static/chunks/1742-1824bd699a209803.js]
[galliform_red_600.pineapplebuilder.com/_next/static/chunks/7283-07b3d0bbdca0983b.js]
[galliform_red_600.pineapplebuilder.com/_next/static/chunks/6906-b892899129b2a2ac.js]
[galliform_red_600.pineapplebuilder.com/_next/static/chunks/pages/subdomain/[subdomain]/page/[...pathname]-4e753ed966902f9f.js]
[galliform_red_600.pineapplebuilder.com/_next/static/Nx3PDiXZZkhBcV-cu7TFP/_buildManifest.js]
[galliform_red_600.pineapplebuilder.com/_next/static/chunks/9694-77fb3a1234b1cd3c.js]
[galliform_red_600.pineapplebuilder.com/_next/static/Nx3PDiXZZkhBcV-cu7TFP/_ssgManifest.js]
[galliform_red_600.pineapplebuilder.com/_next/CODE_9ecf1030c8f8bc.png]
[galliform_red_600.pineapplebuilder.com/_next/gradient_oval_background_7f5fbbfc85935c.png]
[galliform_red_600.pineapplebuilder.com/_next/2023_1_3cc44046482ad1.png]
[galliform_red_600.pineapplebuilder.com/_next/2023_1_3cc440464890a7.png]
[galliform_red_600.pineapplebuilder.com/_next/photo-1508345228704-935cc84bf5e24702.jpg]
[galliform_red_600.pineapplebuilder.com/_next/photo-1525130413817-d45c1d127c4297f7.jpg]
[galliform_red_600.pineapplebuilder.com/_next/CODE_9ecf1030c8e8dc.png]
[galliform_red_600.pineapplebuilder.com/_next/CODE_9ecf1030c806b5.png]
[galliform_red_600.pineapplebuilder.com/logo/pineapple-logo-orange.svg]
[res.cloudinary.com/aurity/image/upload/v1697347537/2023_1_3cc4404648.png]
[galliform_red_600.pineapplebuilder.com/index.html]
[galliform_red_600.pineapplebuilder.com/_next/static/css/3f260a7d676c9bc9.css]
[img.youtube.com/vi/_q56IqLiqtY&pp=ygUXY29kZTc2Y2hhbm5lbCBwb3MgdmlkZW8=/mqdefault.jpg]
[galliform_red_600.pineapplebuilder.com/logo/pineapple-logo-orange.svg]
